C:\Users\spicywolf\Google ドライブ\DX22_課題07\\DX21_01.pdb
C:\USERS\SPICYWOLF\GOOGLE ドライブ\DX22_課題07\DEBUG\BILLBOARD.OBJ
C:\USERS\SPICYWOLF\GOOGLE ドライブ\DX22_課題07\DEBUG\BIRD.OBJ
C:\USERS\SPICYWOLF\GOOGLE ドライブ\DX22_課題07\DEBUG\CAMERA.OBJ
C:\Users\spicywolf\Google ドライブ\DX22_課題07\Debug\cl.command.1.tlog
C:\Users\spicywolf\Google ドライブ\DX22_課題07\Debug\CL.read.1.tlog
C:\Users\spicywolf\Google ドライブ\DX22_課題07\Debug\CL.write.1.tlog
C:\USERS\SPICYWOLF\GOOGLE ドライブ\DX22_課題07\DEBUG\CRAFT.OBJ
C:\USERS\SPICYWOLF\GOOGLE ドライブ\DX22_課題07\DEBUG\DX21_01.EXE.EMBED.MANIFEST
C:\USERS\SPICYWOLF\GOOGLE ドライブ\DX22_課題07\DEBUG\DX21_01.EXE.EMBED.MANIFEST.RES
C:\Users\spicywolf\Google ドライブ\DX22_課題07\Debug\DX21_01.exe.intermediate.manifest
C:\Users\spicywolf\Google ドライブ\DX22_課題07\Debug\DX21_01.vcxprojResolveAssemblyReference.cache
C:\Users\spicywolf\Google ドライブ\DX22_課題07\Debug\DX21_01.write.1.tlog
C:\Users\spicywolf\Google ドライブ\DX22_課題07\Debug\DX21_01_manifest.rc
C:\USERS\SPICYWOLF\GOOGLE ドライブ\DX22_課題07\DEBUG\FADE.OBJ
C:\USERS\SPICYWOLF\GOOGLE ドライブ\DX22_課題07\DEBUG\GAME.OBJ
C:\USERS\SPICYWOLF\GOOGLE ドライブ\DX22_課題07\DEBUG\HIT.OBJ
C:\USERS\SPICYWOLF\GOOGLE ドライブ\DX22_課題07\DEBUG\INPUT.OBJ
C:\USERS\SPICYWOLF\GOOGLE ドライブ\DX22_課題07\DEBUG\ITEM.OBJ
C:\USERS\SPICYWOLF\GOOGLE ドライブ\DX22_課題07\DEBUG\KEYOPE.OBJ
C:\Users\spicywolf\Google ドライブ\DX22_課題07\Debug\link.11060.read.1.tlog
C:\Users\spicywolf\Google ドライブ\DX22_課題07\Debug\link.11060.write.1.tlog
C:\Users\spicywolf\Google ドライブ\DX22_課題07\Debug\link.11060-cvtres.read.1.tlog
C:\Users\spicywolf\Google ドライブ\DX22_課題07\Debug\link.11060-cvtres.write.1.tlog
C:\Users\spicywolf\Google ドライブ\DX22_課題07\Debug\link.11208.read.1.tlog
C:\Users\spicywolf\Google ドライブ\DX22_課題07\Debug\link.11208.write.1.tlog
C:\Users\spicywolf\Google ドライブ\DX22_課題07\Debug\link.11208-cvtres.read.1.tlog
C:\Users\spicywolf\Google ドライブ\DX22_課題07\Debug\link.11208-cvtres.write.1.tlog
C:\Users\spicywolf\Google ドライブ\DX22_課題07\Debug\link.3380.read.1.tlog
C:\Users\spicywolf\Google ドライブ\DX22_課題07\Debug\link.3380.write.1.tlog
C:\Users\spicywolf\Google ドライブ\DX22_課題07\Debug\link.3380-cvtres.read.1.tlog
C:\Users\spicywolf\Google ドライブ\DX22_課題07\Debug\link.3380-cvtres.write.1.tlog
C:\Users\spicywolf\Google ドライブ\DX22_課題07\Debug\link.command.1.tlog
C:\Users\spicywolf\Google ドライブ\DX22_課題07\Debug\link.read.1.tlog
C:\Users\spicywolf\Google ドライブ\DX22_課題07\Debug\link.write.1.tlog
C:\Users\spicywolf\Google ドライブ\DX22_課題07\Debug\link-cvtres.read.1.tlog
C:\Users\spicywolf\Google ドライブ\DX22_課題07\Debug\link-cvtres.write.1.tlog
C:\USERS\SPICYWOLF\GOOGLE ドライブ\DX22_課題07\DEBUG\MAIN.OBJ
C:\USERS\SPICYWOLF\GOOGLE ドライブ\DX22_課題07\DEBUG\MESHDOME.OBJ
C:\USERS\SPICYWOLF\GOOGLE ドライブ\DX22_課題07\DEBUG\MESHFIELD.OBJ
C:\USERS\SPICYWOLF\GOOGLE ドライブ\DX22_課題07\DEBUG\MESHWALL.OBJ
C:\USERS\SPICYWOLF\GOOGLE ドライブ\DX22_課題07\DEBUG\MODEL.OBJ
C:\Users\spicywolf\Google ドライブ\DX22_課題07\Debug\mt.command.1.tlog
C:\Users\spicywolf\Google ドライブ\DX22_課題07\Debug\mt.read.1.tlog
C:\Users\spicywolf\Google ドライブ\DX22_課題07\Debug\mt.write.1.tlog
C:\USERS\SPICYWOLF\GOOGLE ドライブ\DX22_課題07\DEBUG\PARTICLE.OBJ
C:\USERS\SPICYWOLF\GOOGLE ドライブ\DX22_課題07\DEBUG\POLYGON.OBJ
C:\Users\spicywolf\Google ドライブ\DX22_課題07\Debug\rc.command.1.tlog
C:\Users\spicywolf\Google ドライブ\DX22_課題07\Debug\rc.read.1.tlog
C:\Users\spicywolf\Google ドライブ\DX22_課題07\Debug\rc.write.1.tlog
C:\USERS\SPICYWOLF\GOOGLE ドライブ\DX22_課題07\DEBUG\RENDER.OBJ
C:\USERS\SPICYWOLF\GOOGLE ドライブ\DX22_課題07\DEBUG\RIGHT.OBJ
C:\USERS\SPICYWOLF\GOOGLE ドライブ\DX22_課題07\DEBUG\ROCK.OBJ
C:\USERS\SPICYWOLF\GOOGLE ドライブ\DX22_課題07\DEBUG\SPEAR.OBJ
C:\USERS\SPICYWOLF\GOOGLE ドライブ\DX22_課題07\DEBUG\TITLE.OBJ
C:\Users\spicywolf\Google ドライブ\DX22_課題07\Debug\vc100.idb
C:\USERS\SPICYWOLF\GOOGLE ドライブ\DX22_課題07\DEBUG\VC100.PDB
C:\USERS\SPICYWOLF\GOOGLE ドライブ\DX22_課題07\DEBUG\VECTOR.OBJ
C:\USERS\SPICYWOLF\GOOGLE ドライブ\DX22_課題07\DEBUG\WOOD.OBJ
