C:\Users\spicywolf\Google ドライブ\DX22_課題07\\DX21_01.exe
C:\Users\spicywolf\Google ドライブ\DX22_課題07\\DX21_01.pdb
C:\USERS\SPICYWOLF\GOOGLE ドライブ\DX22_課題07\DX21_01.EXE
C:\USERS\SPICYWOLF\GOOGLE ドライブ\DX22_課題07\DX21_01.PDB
C:\USERS\SPICYWOLF\GOOGLE ドライブ\DX22_課題07\RELEASE\BILLBOARD.OBJ
C:\USERS\SPICYWOLF\GOOGLE ドライブ\DX22_課題07\RELEASE\CAMERA.OBJ
C:\Users\spicywolf\Google ドライブ\DX22_課題07\Release\cl.command.1.tlog
C:\Users\spicywolf\Google ドライブ\DX22_課題07\Release\CL.read.1.tlog
C:\Users\spicywolf\Google ドライブ\DX22_課題07\Release\CL.write.1.tlog
C:\USERS\SPICYWOLF\GOOGLE ドライブ\DX22_課題07\RELEASE\DX21_01.EXE.INTERMEDIATE.MANIFEST
C:\Users\spicywolf\Google ドライブ\DX22_課題07\Release\DX21_01.vcxprojResolveAssemblyReference.cache
C:\Users\spicywolf\Google ドライブ\DX22_課題07\Release\DX21_01.write.1.tlog
C:\USERS\SPICYWOLF\GOOGLE ドライブ\DX22_課題07\RELEASE\GAME.OBJ
C:\USERS\SPICYWOLF\GOOGLE ドライブ\DX22_課題07\RELEASE\INPUT.OBJ
C:\USERS\SPICYWOLF\GOOGLE ドライブ\DX22_課題07\RELEASE\KEYOPE.OBJ
C:\Users\spicywolf\Google ドライブ\DX22_課題07\Release\link.command.1.tlog
C:\Users\spicywolf\Google ドライブ\DX22_課題07\Release\link.read.1.tlog
C:\Users\spicywolf\Google ドライブ\DX22_課題07\Release\link.write.1.tlog
C:\USERS\SPICYWOLF\GOOGLE ドライブ\DX22_課題07\RELEASE\MAIN.OBJ
C:\USERS\SPICYWOLF\GOOGLE ドライブ\DX22_課題07\RELEASE\MESHDOME.OBJ
C:\USERS\SPICYWOLF\GOOGLE ドライブ\DX22_課題07\RELEASE\MESHFIELD.OBJ
C:\USERS\SPICYWOLF\GOOGLE ドライブ\DX22_課題07\RELEASE\MESHWALL.OBJ
C:\USERS\SPICYWOLF\GOOGLE ドライブ\DX22_課題07\RELEASE\MODEL.OBJ
C:\Users\spicywolf\Google ドライブ\DX22_課題07\Release\mt.command.1.tlog
C:\Users\spicywolf\Google ドライブ\DX22_課題07\Release\mt.read.1.tlog
C:\Users\spicywolf\Google ドライブ\DX22_課題07\Release\mt.write.1.tlog
C:\USERS\SPICYWOLF\GOOGLE ドライブ\DX22_課題07\RELEASE\PARTICLE.OBJ
C:\USERS\SPICYWOLF\GOOGLE ドライブ\DX22_課題07\RELEASE\POLYGON.OBJ
C:\USERS\SPICYWOLF\GOOGLE ドライブ\DX22_課題07\RELEASE\RENDER.OBJ
C:\USERS\SPICYWOLF\GOOGLE ドライブ\DX22_課題07\RELEASE\RIGHT.OBJ
C:\USERS\SPICYWOLF\GOOGLE ドライブ\DX22_課題07\RELEASE\VC100.PDB
C:\USERS\SPICYWOLF\GOOGLE ドライブ\DX22_課題07\RELEASE\WORLD.OBJ
J:\授業用\DX21\試製雛型甲型\DX21_01.EXE
J:\授業用\DX21\試製雛型甲型\DX21_01.PDB
J:\授業用\DX21\試製雛型甲型\RELEASE\BILLBOARD.OBJ
J:\授業用\DX21\試製雛型甲型\RELEASE\CAMERA.OBJ
J:\授業用\DX21\試製雛型甲型\RELEASE\DX21_01.EXE.INTERMEDIATE.MANIFEST
J:\授業用\DX21\試製雛型甲型\RELEASE\INPUT.OBJ
J:\授業用\DX21\試製雛型甲型\RELEASE\MAIN.OBJ
J:\授業用\DX21\試製雛型甲型\RELEASE\MESHFIELD.OBJ
J:\授業用\DX21\試製雛型甲型\RELEASE\MODEL.OBJ
J:\授業用\DX21\試製雛型甲型\RELEASE\PARTICLE.OBJ
J:\授業用\DX21\試製雛型甲型\RELEASE\POLYGON.OBJ
J:\授業用\DX21\試製雛型甲型\RELEASE\RENDER.OBJ
J:\授業用\DX21\試製雛型甲型\RELEASE\RIGHT.OBJ
J:\授業用\DX21\試製雛型甲型\RELEASE\VC100.PDB
J:\授業用\DX21\試製雛型甲型\RELEASE\WORLD.OBJ
